<?xml version="1.0" encoding="UTF-8"?>
<testng-results skipped="0" failed="0" ignored="0" total="2" passed="2">
  <reporter-output>
  </reporter-output>
  <suite name="Default suite" duration-ms="1343" started-at="2018-11-25T02:46:07Z" finished-at="2018-11-25T02:46:08Z">
    <groups>
    </groups>
    <test name="Default test" duration-ms="1343" started-at="2018-11-25T02:46:07Z" finished-at="2018-11-25T02:46:08Z">
      <class name="com.selenium.logAndReports.ExtentReport">
        <test-method status="PASS" signature="beforeClass()[pri:0, instance:com.selenium.logAndReports.ExtentReport@3bfdc050]" name="beforeClass" is-config="true" duration-ms="513" started-at="2018-11-25T02:46:07Z" finished-at="2018-11-25T02:46:07Z">
          <reporter-output>
          </reporter-output>
        </test-method> <!-- beforeClass -->
        <test-method status="PASS" signature="beforeMethod(java.lang.reflect.Method)[pri:0, instance:com.selenium.logAndReports.ExtentReport@3bfdc050]" name="beforeMethod" is-config="true" duration-ms="32" started-at="2018-11-25T02:46:07Z" finished-at="2018-11-25T02:46:07Z">
          <params>
            <param index="0">
              <value>
                <![CDATA[public void com.selenium.logAndReports.ExtentReport.testLogin()]]>
              </value>
            </param>
          </params>
          <reporter-output>
          </reporter-output>
        </test-method> <!-- beforeMethod -->
        <test-method status="PASS" signature="testLogin()[pri:0, instance:com.selenium.logAndReports.ExtentReport@3bfdc050]" name="testLogin" duration-ms="9" started-at="2018-11-25T02:46:07Z" finished-at="2018-11-25T02:46:07Z">
          <reporter-output>
          </reporter-output>
        </test-method> <!-- testLogin -->
        <test-method status="PASS" signature="afterMethod(org.testng.ITestResult)[pri:0, instance:com.selenium.logAndReports.ExtentReport@3bfdc050]" name="afterMethod" is-config="true" duration-ms="1" started-at="2018-11-25T02:46:07Z" finished-at="2018-11-25T02:46:07Z">
          <params>
            <param index="0">
              <value>
                <![CDATA[[TestResult name=testLogin status=SUCCESS method=ExtentReport.testLogin()[pri:0, instance:com.selenium.logAndReports.ExtentReport@3bfdc050] output={null}]]]>
              </value>
            </param>
          </params>
          <reporter-output>
          </reporter-output>
        </test-method> <!-- afterMethod -->
        <test-method status="PASS" signature="beforeMethod(java.lang.reflect.Method)[pri:0, instance:com.selenium.logAndReports.ExtentReport@3bfdc050]" name="beforeMethod" is-config="true" duration-ms="1" started-at="2018-11-25T02:46:07Z" finished-at="2018-11-25T02:46:07Z">
          <params>
            <param index="0">
              <value>
                <![CDATA[public void com.selenium.logAndReports.ExtentReport.testLogout()]]>
              </value>
            </param>
          </params>
          <reporter-output>
          </reporter-output>
        </test-method> <!-- beforeMethod -->
        <test-method status="PASS" signature="testLogout()[pri:0, instance:com.selenium.logAndReports.ExtentReport@3bfdc050]" name="testLogout" duration-ms="3" started-at="2018-11-25T02:46:07Z" finished-at="2018-11-25T02:46:07Z">
          <reporter-output>
          </reporter-output>
        </test-method> <!-- testLogout -->
        <test-method status="PASS" signature="afterMethod(org.testng.ITestResult)[pri:0, instance:com.selenium.logAndReports.ExtentReport@3bfdc050]" name="afterMethod" is-config="true" duration-ms="1" started-at="2018-11-25T02:46:07Z" finished-at="2018-11-25T02:46:07Z">
          <params>
            <param index="0">
              <value>
                <![CDATA[[TestResult name=testLogout status=SUCCESS method=ExtentReport.testLogout()[pri:0, instance:com.selenium.logAndReports.ExtentReport@3bfdc050] output={null}]]]>
              </value>
            </param>
          </params>
          <reporter-output>
          </reporter-output>
        </test-method> <!-- afterMethod -->
        <test-method status="PASS" signature="afterClass()[pri:0, instance:com.selenium.logAndReports.ExtentReport@3bfdc050]" name="afterClass" is-config="true" duration-ms="751" started-at="2018-11-25T02:46:07Z" finished-at="2018-11-25T02:46:08Z">
          <reporter-output>
          </reporter-output>
        </test-method> <!-- afterClass -->
      </class> <!-- com.selenium.logAndReports.ExtentReport -->
    </test> <!-- Default test -->
  </suite> <!-- Default suite -->
</testng-results>
