<?xml version="1.0" encoding="UTF-8"?>
<testng-results skipped="0" failed="0" ignored="0" total="1" passed="1">
  <reporter-output>
  </reporter-output>
  <suite name="Default suite" duration-ms="48514" started-at="2018-11-24T17:08:21Z" finished-at="2018-11-24T17:09:09Z">
    <groups>
    </groups>
    <test name="Default test" duration-ms="48514" started-at="2018-11-24T17:08:21Z" finished-at="2018-11-24T17:09:09Z">
      <class name="com.selenium.HowToVerifyCheckboxIsCheckedOrNot">
        <test-method status="PASS" signature="enterText()[pri:0, instance:com.selenium.HowToVerifyCheckboxIsCheckedOrNot@6f7fd0e6]" name="enterText" duration-ms="48392" started-at="2018-11-24T17:08:21Z" finished-at="2018-11-24T17:09:09Z">
          <reporter-output>
          </reporter-output>
        </test-method> <!-- enterText -->
      </class> <!-- com.selenium.HowToVerifyCheckboxIsCheckedOrNot -->
    </test> <!-- Default test -->
  </suite> <!-- Default suite -->
</testng-results>
